SF:lib/src/core/domain_event.dart
DA:45,5
DA:53,1
DA:58,1
DA:61,1
DA:62,1
DA:66,1
DA:68,2
DA:69,1
DA:70,1
DA:74,2
DA:75,1
DA:76,2
DA:77,2
DA:78,1
DA:79,1
DA:83,2
DA:85,1
DA:88,1
DA:89,3
DA:90,3
DA:91,3
DA:92,3
DA:94,1
DA:95,5
DA:97,1
DA:99,5
DA:104,1
DA:140,1
DA:141,1
LF:29
LH:29
end_of_record
SF:lib/src/core/domain_event_bus.dart
DA:32,4
DA:40,4
DA:41,4
DA:42,1
DA:45,8
DA:60,4
DA:61,4
DA:62,1
DA:65,12
DA:72,1
DA:73,1
DA:74,0
DA:77,2
DA:81,4
DA:86,6
DA:95,4
DA:96,4
DA:100,4
DA:103,4
DA:104,0
DA:106,8
DA:109,8
DA:116,1
DA:118,1
DA:119,2
DA:122,1
DA:123,0
DA:131,1
DA:133,2
DA:145,2
DA:156,2
DA:157,4
DA:163,1
DA:164,2
DA:170,1
DA:171,5
DA:177,1
DA:178,2
LF:38
LH:35
end_of_record
SF:lib/src/core/providers.dart
DA:25,7
DA:26,1
DA:29,2
DA:30,1
DA:54,7
DA:55,1
DA:58,2
DA:59,1
DA:78,4
DA:79,3
DA:80,1
DA:82,2
DA:83,1
DA:99,7
DA:100,2
DA:102,1
DA:103,1
DA:104,1
DA:117,2
DA:122,1
DA:123,1
DA:124,1
DA:125,1
LF:23
LH:23
end_of_record
SF:lib/src/extensions/riverpod_event_extension.dart
DA:60,1
DA:61,1
DA:62,0
DA:83,0
DA:117,1
DA:123,1
DA:129,1
DA:130,1
DA:134,2
DA:135,2
DA:139,1
DA:142,0
DA:143,0
DA:146,0
DA:148,0
DA:149,0
DA:155,2
DA:156,2
DA:160,0
DA:161,0
DA:166,2
DA:168,1
DA:170,3
DA:173,0
DA:174,0
DA:197,1
DA:202,1
DA:204,1
DA:206,2
DA:207,1
DA:212,1
DA:234,1
DA:241,1
DA:243,1
DA:244,1
LF:35
LH:24
end_of_record
SF:lib/src/hooks/use_event_subscription.dart
DA:91,1
DA:97,2
DA:123,1
DA:130,1
DA:131,1
DA:155,1
DA:160,2
DA:174,1
DA:181,1
DA:182,3
DA:184,1
DA:185,1
DA:192,1
DA:194,1
DA:195,1
DA:198,0
DA:200,0
DA:201,0
DA:202,0
DA:203,0
DA:204,0
DA:208,1
DA:209,1
DA:211,1
DA:213,1
DA:214,1
DA:217,1
DA:219,4
DA:220,1
DA:223,2
DA:224,6
DA:228,3
DA:231,2
DA:232,2
DA:233,1
DA:236,0
DA:238,0
DA:239,0
DA:240,0
DA:245,2
DA:246,6
DA:250,0
DA:251,0
DA:252,0
DA:256,1
DA:258,2
DA:259,2
DA:260,5
DA:263,0
DA:265,1
DA:269,0
DA:270,0
DA:271,0
DA:272,0
DA:284,1
DA:290,0
DA:291,0
DA:293,1
DA:294,1
DA:301,1
DA:303,1
DA:304,1
DA:307,0
DA:309,0
DA:310,0
DA:311,0
DA:312,0
DA:313,0
DA:317,1
DA:318,1
DA:320,1
DA:322,1
DA:323,1
DA:326,1
DA:327,1
DA:329,4
DA:331,1
DA:332,1
DA:335,2
DA:336,6
DA:340,1
DA:343,0
DA:344,0
DA:345,0
DA:348,0
DA:350,0
DA:351,0
DA:352,0
DA:355,1
DA:357,0
DA:358,0
DA:359,0
DA:363,1
DA:366,2
DA:367,8
DA:371,1
DA:373,4
DA:374,2
DA:375,5
DA:378,0
DA:380,1
DA:384,0
DA:385,0
DA:386,0
DA:387,0
LF:105
LH:64
end_of_record
